#
# There is insufficient memory for the Java Runtime Environment to continue.
# Native memory allocation (mmap) failed to map 130023424 bytes. Error detail: G1 virtual space
# Possible reasons:
#   The system is out of physical RAM or swap space
#   This process is running with CompressedOops enabled, and the Java Heap may be blocking the growth of the native heap
# Possible solutions:
#   Reduce memory load on the system
#   Increase physical memory or swap space
#   Check if swap backing store is full
#   Decrease Java heap size (-Xmx/-Xms)
#   Decrease number of Java threads
#   Decrease Java thread stack sizes (-Xss)
#   Set larger code cache with -XX:ReservedCodeCacheSize=
#   JVM is running with Unscaled Compressed Oops mode in which the Java heap is
#     placed in the first 4GB address space. The Java Heap base address is the
#     maximum limit for the native heap growth. Please use -XX:HeapBaseMinAddress
#     to set the Java Heap base and to place the Java Heap above 4GB virtual address.
# This output file may be truncated or incomplete.
#
#  Out of Memory Error (os_windows.cpp:3815), pid=27560, tid=15964
#
# JRE version:  (21.0.3+13) (build )
# Java VM: OpenJDK 64-Bit Server VM (21.0.3+13-b509.11, mixed mode, sharing, tiered, compressed oops, compressed class ptrs, g1 gc, windows-amd64)
# No core dump will be written. Minidumps are not enabled by default on client versions of Windows
#

---------------  S U M M A R Y ------------

Command Line: git4idea.http.GitAskPassApp Username for 'https://github.com': 

Host: 12th Gen Intel(R) Core(TM) i5-1235U, 8 cores, 7G,  Windows 11 , 64 bit Build 22621 (10.0.22621.3958)
Time: Thu Oct  3 21:36:36 2024 Hora estándar central (México) elapsed time: 0.032972 seconds (0d 0h 0m 0s)

---------------  T H R E A D  ---------------

Current thread (0x000002aab099fe80):  JavaThread "Unknown thread" [_thread_in_vm, id=15964, stack(0x000000b36f700000,0x000000b36f800000) (1024K)]

Stack: [0x000000b36f700000,0x000000b36f800000]
Native frames: (J=compiled Java code, j=interpreted, Vv=VM code, C=native code)
V  [jvm.dll+0x6e02f9]
V  [jvm.dll+0x8bd383]
V  [jvm.dll+0x8bf8de]
V  [jvm.dll+0x8bffc3]
V  [jvm.dll+0x2879c6]
V  [jvm.dll+0x6dcac5]
V  [jvm.dll+0x6d0f9a]
V  [jvm.dll+0x35f9bb]
V  [jvm.dll+0x367566]
V  [jvm.dll+0x3b8b56]
V  [jvm.dll+0x3b8e28]
V  [jvm.dll+0x33217c]
V  [jvm.dll+0x332e6b]
V  [jvm.dll+0x8845e9]
V  [jvm.dll+0x3c5f38]
V  [jvm.dll+0x86d80d]
V  [jvm.dll+0x45ab9e]
V  [jvm.dll+0x45c771]
C  [jli.dll+0x52ab]
C  [ucrtbase.dll+0x29333]
C  [KERNEL32.DLL+0x1257d]
C  [ntdll.dll+0x5af28]


---------------  P R O C E S S  ---------------

Threads class SMR info:
_java_thread_list=0x00007ffa2869d108, length=0, elements={
}

Java Threads: ( => current thread )
Total: 0

Other Threads:
  0x000002aab2cde720 WorkerThread "GC Thread#0"                     [id=21492, stack(0x000000b36f800000,0x000000b36f900000) (1024K)]
  0x000002aab2cf0040 ConcurrentGCThread "G1 Main Marker"            [id=28332, stack(0x000000b36f900000,0x000000b36fa00000) (1024K)]
  0x000002aab2cf12e0 WorkerThread "G1 Conc#0"                       [id=30500, stack(0x000000b36fa00000,0x000000b36fb00000) (1024K)]

[error occurred during error reporting (printing all threads), id 0xc0000005, EXCEPTION_ACCESS_VIOLATION (0xc0000005) at pc=0x00007ffa27d952d7]
VM state: not at safepoint (not fully initialized)

VM Mutex/Monitor currently owned by a thread:  ([mutex/lock_event])
[0x00007ffa28711858] Heap_lock - owner thread: 0x000002aab099fe80

Heap address: 0x0000000084400000, size: 1980 MB, Compressed Oops mode: 32-bit

CDS archive(s) mapped at: [0x0000000000000000-0x0000000000000000-0x0000000000000000), size 0, SharedBaseAddress: 0x0000000800000000, ArchiveRelocationMode: 1.
Narrow klass base: 0x0000000000000000, Narrow klass shift: 0, Narrow klass range: 0x0

GC Precious Log:
 CardTable entry size: 512
 Card Set container configuration: InlinePtr #cards 5 size 8 Array Of Cards #cards 12 size 40 Howl #buckets 4 coarsen threshold 1843 Howl Bitmap #cards 512 size 80 coarsen threshold 460 Card regions per heap region 1 cards per card region 2048

Heap:
 garbage-first heap   total 0K, used 0K [0x0000000084400000, 0x0000000100000000)
  region size 1024K, 0 young (0K), 0 survivors (0K)
 Metaspace       used 0K, committed 0K, reserved 0K
  class space    used 0K, committed 0K, reserved 0K

Heap Regions: E=young(eden), S=young(survivor), O=old, HS=humongous(starts), HC=humongous(continues), CS=collection set, F=free, TAMS=top-at-mark-start, PB=parsable bottom

Card table byte_map: [0x000002aac62b0000,0x000002aac6690000] _byte_map_base: 0x000002aac5e8e000

Marking Bits: (CMBitMap*) 0x000002aab2cdee20
 Bits: [0x000002aac6690000, 0x000002aac8580000)

GC Heap History (0 events):
No events

Dll operation events (1 events):
Event: 0.022 Loaded shared library C:\Program Files\JetBrains\IntelliJ IDEA Community Edition 2024.2.1\jbr\bin\java.dll

Deoptimization events (0 events):
No events

Classes loaded (0 events):
No events

Classes unloaded (0 events):
No events

Classes redefined (0 events):
No events

Internal exceptions (0 events):
No events

ZGC Phase Switch (0 events):
No events

VM Operations (0 events):
No events

Events (0 events):
No events


Dynamic libraries:
0x00007ff70f9e0000 - 0x00007ff70f9ea000 	C:\Program Files\JetBrains\IntelliJ IDEA Community Edition 2024.2.1\jbr\bin\java.exe
0x00007ffaa7a90000 - 0x00007ffaa7ca7000 	C:\WINDOWS\SYSTEM32\ntdll.dll
0x00007ffaa58e0000 - 0x00007ffaa59a4000 	C:\WINDOWS\System32\KERNEL32.DLL
0x00007ffaa4f20000 - 0x00007ffaa52cd000 	C:\WINDOWS\System32\KERNELBASE.dll
0x00007ffaa5460000 - 0x00007ffaa5571000 	C:\WINDOWS\System32\ucrtbase.dll
0x00007ffa84dc0000 - 0x00007ffa84ddb000 	C:\Program Files\JetBrains\IntelliJ IDEA Community Edition 2024.2.1\jbr\bin\VCRUNTIME140.dll
0x00007ffa72480000 - 0x00007ffa72498000 	C:\Program Files\JetBrains\IntelliJ IDEA Community Edition 2024.2.1\jbr\bin\jli.dll
0x00007ffaa77a0000 - 0x00007ffaa794e000 	C:\WINDOWS\System32\USER32.dll
0x00007ffaa5390000 - 0x00007ffaa53b6000 	C:\WINDOWS\System32\win32u.dll
0x00007ffaa57c0000 - 0x00007ffaa57e9000 	C:\WINDOWS\System32\GDI32.dll
0x00007ffaa56a0000 - 0x00007ffaa57b9000 	C:\WINDOWS\System32\gdi32full.dll
0x00007ffa7f120000 - 0x00007ffa7f3b3000 	C:\WINDOWS\WinSxS\amd64_microsoft.windows.common-controls_6595b64144ccf1df_6.0.22621.3672_none_2713b9d173822955\COMCTL32.dll
0x00007ffaa76f0000 - 0x00007ffaa7797000 	C:\WINDOWS\System32\msvcrt.dll
0x00007ffaa53c0000 - 0x00007ffaa545a000 	C:\WINDOWS\System32\msvcp_win.dll
0x00007ffaa57f0000 - 0x00007ffaa5821000 	C:\WINDOWS\System32\IMM32.DLL
0x00007ffa9cc20000 - 0x00007ffa9cc2c000 	C:\Program Files\JetBrains\IntelliJ IDEA Community Edition 2024.2.1\jbr\bin\vcruntime140_1.dll
0x00007ffa55b60000 - 0x00007ffa55bed000 	C:\Program Files\JetBrains\IntelliJ IDEA Community Edition 2024.2.1\jbr\bin\msvcp140.dll
0x00007ffa27a50000 - 0x00007ffa28802000 	C:\Program Files\JetBrains\IntelliJ IDEA Community Edition 2024.2.1\jbr\bin\server\jvm.dll
0x00007ffaa5e60000 - 0x00007ffaa5f12000 	C:\WINDOWS\System32\ADVAPI32.dll
0x00007ffaa5830000 - 0x00007ffaa58d9000 	C:\WINDOWS\System32\sechost.dll
0x00007ffaa5670000 - 0x00007ffaa5698000 	C:\WINDOWS\System32\bcrypt.dll
0x00007ffaa7330000 - 0x00007ffaa7444000 	C:\WINDOWS\System32\RPCRT4.dll
0x00007ffaa5d50000 - 0x00007ffaa5dc1000 	C:\WINDOWS\System32\WS2_32.dll
0x00007ffaa4ad0000 - 0x00007ffaa4b1d000 	C:\WINDOWS\SYSTEM32\POWRPROF.dll
0x00007ffa8ba50000 - 0x00007ffa8ba5a000 	C:\WINDOWS\SYSTEM32\VERSION.dll
0x00007ffaa1e50000 - 0x00007ffaa1e84000 	C:\WINDOWS\SYSTEM32\WINMM.dll
0x00007ffaa4a00000 - 0x00007ffaa4a13000 	C:\WINDOWS\SYSTEM32\UMPDC.dll
0x00007ffaa3dc0000 - 0x00007ffaa3dd8000 	C:\WINDOWS\SYSTEM32\kernel.appcore.dll
0x00007ffa9cbd0000 - 0x00007ffa9cbda000 	C:\Program Files\JetBrains\IntelliJ IDEA Community Edition 2024.2.1\jbr\bin\jimage.dll
0x00007ffaa25d0000 - 0x00007ffaa2802000 	C:\WINDOWS\SYSTEM32\DBGHELP.DLL
0x00007ffaa5f20000 - 0x00007ffaa62ae000 	C:\WINDOWS\System32\combase.dll
0x00007ffaa7610000 - 0x00007ffaa76e7000 	C:\WINDOWS\System32\OLEAUT32.dll
0x00007ffaa1e10000 - 0x00007ffaa1e42000 	C:\WINDOWS\SYSTEM32\dbgcore.DLL
0x00007ffaa55f0000 - 0x00007ffaa566b000 	C:\WINDOWS\System32\bcryptPrimitives.dll
0x00007ffa84da0000 - 0x00007ffa84dbf000 	C:\Program Files\JetBrains\IntelliJ IDEA Community Edition 2024.2.1\jbr\bin\java.dll

dbghelp: loaded successfully - version: 4.0.5 - missing functions: none
symbol engine: initialized successfully - sym options: 0x614 - pdb path: .;C:\Program Files\JetBrains\IntelliJ IDEA Community Edition 2024.2.1\jbr\bin;C:\WINDOWS\SYSTEM32;C:\WINDOWS\WinSxS\amd64_microsoft.windows.common-controls_6595b64144ccf1df_6.0.22621.3672_none_2713b9d173822955;C:\Program Files\JetBrains\IntelliJ IDEA Community Edition 2024.2.1\jbr\bin\server

VM Arguments:
java_command: git4idea.http.GitAskPassApp Username for 'https://github.com': 
java_class_path (initial): C:/Program Files/JetBrains/IntelliJ IDEA Community Edition 2024.2.1/plugins/vcs-git/lib/git4idea-rt.jar;C:/Program Files/JetBrains/IntelliJ IDEA Community Edition 2024.2.1/lib/externalProcess-rt.jar
Launcher Type: SUN_STANDARD

[Global flags]
     intx CICompilerCount                          = 4                                         {product} {ergonomic}
     uint ConcGCThreads                            = 2                                         {product} {ergonomic}
     uint G1ConcRefinementThreads                  = 8                                         {product} {ergonomic}
   size_t G1HeapRegionSize                         = 1048576                                   {product} {ergonomic}
    uintx GCDrainStackTargetSize                   = 64                                        {product} {ergonomic}
   size_t InitialHeapSize                          = 130023424                                 {product} {ergonomic}
   size_t MarkStackSize                            = 4194304                                   {product} {ergonomic}
   size_t MaxHeapSize                              = 2076180480                                {product} {ergonomic}
   size_t MinHeapDeltaBytes                        = 1048576                                   {product} {ergonomic}
   size_t MinHeapSize                              = 8388608                                   {product} {ergonomic}
    uintx NonNMethodCodeHeapSize                   = 5839372                                {pd product} {ergonomic}
    uintx NonProfiledCodeHeapSize                  = 122909434                              {pd product} {ergonomic}
    uintx ProfiledCodeHeapSize                     = 122909434                              {pd product} {ergonomic}
    uintx ReservedCodeCacheSize                    = 251658240                              {pd product} {ergonomic}
     bool SegmentedCodeCache                       = true                                      {product} {ergonomic}
   size_t SoftMaxHeapSize                          = 2076180480                             {manageable} {ergonomic}
     bool UseCompressedOops                        = true                           {product lp64_product} {ergonomic}
     bool UseG1GC                                  = true                                      {product} {ergonomic}
     bool UseLargePagesIndividualAllocation        = false                                  {pd product} {ergonomic}

Logging:
Log output configuration:
 #0: stdout all=warning uptime,level,tags foldmultilines=false
 #1: stderr all=off uptime,level,tags foldmultilines=false

Environment Variables:
JAVA_HOME=C:\Program Files\Java\jdk-19
PATH=C:\Program Files\Git\mingw64\libexec\git-core;C:\Program Files\Git\mingw64\libexec\git-core;C:\Program Files\Git\mingw64\bin;C:\Program Files\Git\usr\bin;C:\Users\Joshu\bin;C:\Program Files\Microsoft MPI\Bin;C:\Program Files\Common Files\Oracle\Java\javapath;C:\Program Files\Java\jdk-19\bin;C:\Program Files (x86)\Microsoft SQL Server\150\DTS\Binn;C:\Program Files\Azure Data Studio\bin;C:\Program Files (x86)\Microsoft SQL Server\160\Tools\Binn;C:\Program Files\Microsoft SQL Server\160\Tools\Binn;C:\Program Files\Microsoft SQL Server\Client SDK\ODBC\170\Tools\Binn;C:\Program Files\Microsoft SQL Server\160\DTS\Binn;C:\Program Files (x86)\Microsoft SQL Server\160\DTS\Binn;C:\Program Files\dotnet;C:\Program Files\nodejs;C:\ProgramData\chocolatey\bin;C:\SQLite3;C:\Program Files\PowerShell\7;C:\Program Files\Git\cmd;C:\Users\Joshu\AppData\Local\Programs\Python\Launcher;C:\Users\Joshu\AppData\Local\Microsoft\WindowsApps;C:\Users\Joshu\AppData\Local\Programs\Microsoft VS Code\bin;C:\Program Files\Azure Data Studio\bin;C:\Users\Joshu\.dotnet\tools;C:\Users\Joshu\AppData\Roaming\npm
USERNAME=Joshu
DISPLAY=:0.0
LC_ALL=en_US.UTF-8
TERM=xterm-256color
TMPDIR=C:\Users\Joshu\AppData\Local\Temp
OS=Windows_NT
PROCESSOR_IDENTIFIER=Intel64 Family 6 Model 154 Stepping 4, GenuineIntel
TMP=C:\Users\Joshu\AppData\Local\Temp
TEMP=C:\Users\Joshu\AppData\Local\Temp




Periodic native trim disabled

JNI global refs:
JNI global refs: 0, weak refs: 0

JNI global refs memory usage: 0, weak refs: 0

Process memory usage:
Resident Set Size: 12152K (0% of 8106488K total physical memory with 935816K free physical memory)

OOME stack traces (most recent first):
Classloader memory used:

---------------  S Y S T E M  ---------------

OS:
 Windows 11 , 64 bit Build 22621 (10.0.22621.3958)
OS uptime: 1 days 0:42 hours
Hyper-V role detected

CPU: total 8 (initial active 8) (6 cores per cpu, 2 threads per core) family 6 model 154 stepping 4 microcode 0x424, cx8, cmov, fxsr, ht, mmx, 3dnowpref, sse, sse2, sse3, ssse3, sse4.1, sse4.2, popcnt, lzcnt, tsc, tscinvbit, avx, avx2, aes, erms, clmul, bmi1, bmi2, adx, sha, fma, vzeroupper, clflush, clflushopt, clwb, hv, serialize, rdtscp, rdpid, fsrm, f16c, cet_ibt, cet_ss
Processor Information for processor 0
  Max Mhz: 1300, Current Mhz: 1300, Mhz Limit: 1300
Processor Information for processor 1
  Max Mhz: 1300, Current Mhz: 1300, Mhz Limit: 1300
Processor Information for processor 2
  Max Mhz: 1300, Current Mhz: 1300, Mhz Limit: 1300
Processor Information for processor 3
  Max Mhz: 1300, Current Mhz: 1300, Mhz Limit: 1300
Processor Information for processor 4
  Max Mhz: 900, Current Mhz: 900, Mhz Limit: 900
Processor Information for processor 5
  Max Mhz: 900, Current Mhz: 900, Mhz Limit: 900
Processor Information for processor 6
  Max Mhz: 900, Current Mhz: 900, Mhz Limit: 900
Processor Information for processor 7
  Max Mhz: 900, Current Mhz: 900, Mhz Limit: 900

Memory: 4k page, system-wide physical 7916M (912M free)
TotalPageFile size 16108M (AvailPageFile size 4M)
current process WorkingSet (physical memory assigned to process): 11M, peak: 11M
current process commit charge ("private bytes"): 60M, peak: 184M

vm_info: OpenJDK 64-Bit Server VM (21.0.3+13-b509.11) for windows-amd64 JRE (21.0.3+13-b509.11), built on 2024-08-12 by "builduser" with MS VC++ 16.10 / 16.11 (VS2019)

END.
